2025-01-13 17:05:48.965 | INFO     | utils.utils_logger:<module>:38 - Logging to file: logs\project_log.log
2025-01-13 17:08:30.297 | INFO     | utils.utils_logger:<module>:38 - Logging to file: logs\project_log.log
2025-01-13 17:10:51.116 | INFO     | utils.utils_logger:<module>:38 - Logging to file: logs\project_log.log
2025-01-13 17:10:51.117 | INFO     | __main__:main:106 - START producer...
2025-01-13 17:10:51.117 | INFO     | __main__:main:107 - Hit CTRL c (or CMD c) to close.
2025-01-13 17:10:51.117 | INFO     | __main__:get_message_interval:53 - Messages will be sent every 3 seconds.
2025-01-13 17:10:51.122 | INFO     | __main__:main:114 - I just shared a trick! It was amazing.
2025-01-13 17:10:54.122 | INFO     | __main__:main:114 - I just found a movie! It was weird.
2025-01-13 17:10:57.123 | INFO     | __main__:main:114 - I just found a movie! It was exciting.
2025-01-13 17:11:00.124 | INFO     | __main__:main:114 - I just found a story! It was amazing.
2025-01-13 17:11:03.125 | INFO     | __main__:main:114 - I just loved a meme! It was exciting.
2025-01-13 17:11:06.126 | INFO     | __main__:main:114 - I just saw a trick! It was funny.
2025-01-13 17:11:09.127 | INFO     | __main__:main:114 - I just loved a trick! It was boring.
2025-01-13 17:11:12.128 | INFO     | __main__:main:114 - I just saw a meme! It was amazing.
2025-01-13 17:11:12.451 | INFO     | utils.utils_logger:<module>:38 - Logging to file: logs\project_log.log
2025-01-13 17:11:15.128 | INFO     | __main__:main:114 - I just found an app! It was amazing.
2025-01-13 17:11:18.129 | INFO     | __main__:main:114 - I just saw a movie! It was funny.
2025-01-13 17:11:21.130 | INFO     | __main__:main:114 - I just found a story! It was weird.
2025-01-13 17:11:24.131 | INFO     | __main__:main:114 - I just saw a meme! It was boring.
2025-01-13 17:11:27.133 | INFO     | __main__:main:114 - I just shared a movie! It was weird.
2025-01-13 17:11:30.134 | INFO     | __main__:main:114 - I just saw an app! It was exciting.
2025-01-13 17:11:33.135 | INFO     | __main__:main:114 - I just saw an app! It was weird.
2025-01-13 17:11:34.331 | INFO     | utils.utils_logger:<module>:38 - Logging to file: logs\project_log.log
2025-01-13 17:11:34.331 | INFO     | __main__:main:68 - START...
2025-01-13 17:11:34.332 | INFO     | __main__:main:74 - Reading file located at logs\project_log.log.
2025-01-13 17:11:36.136 | INFO     | __main__:main:114 - I just found an app! It was funny.
2025-01-13 17:11:39.137 | INFO     | __main__:main:114 - I just saw a meme! It was funny.
2025-01-13 17:11:42.139 | INFO     | __main__:main:114 - I just shared a trick! It was boring.
2025-01-13 17:11:45.140 | INFO     | __main__:main:114 - I just found a meme! It was exciting.
2025-01-13 17:11:48.140 | INFO     | __main__:main:114 - I just tried a meme! It was funny.
2025-01-13 17:11:51.141 | INFO     | __main__:main:114 - I just found an app! It was funny.
2025-01-13 17:11:54.142 | INFO     | __main__:main:114 - I just saw a meme! It was weird.
2025-01-13 17:11:57.142 | INFO     | __main__:main:114 - I just tried a movie! It was exciting.
2025-01-13 17:12:00.142 | INFO     | __main__:main:114 - I just shared a movie! It was weird.
2025-01-13 17:12:03.143 | INFO     | __main__:main:114 - I just saw a trick! It was amazing.
2025-01-13 17:12:06.144 | INFO     | __main__:main:114 - I just found a movie! It was weird.
2025-01-13 17:12:09.145 | INFO     | __main__:main:114 - I just found an app! It was weird.
2025-01-13 17:12:12.145 | INFO     | __main__:main:114 - I just found a trick! It was exciting.
2025-01-13 17:12:15.146 | INFO     | __main__:main:114 - I just found a meme! It was boring.
2025-01-13 17:12:18.147 | INFO     | __main__:main:114 - I just saw an app! It was amazing.
2025-01-13 17:12:21.148 | INFO     | __main__:main:114 - I just saw a meme! It was amazing.
2025-01-13 17:12:24.148 | INFO     | __main__:main:114 - I just saw a movie! It was funny.
2025-01-13 17:12:27.150 | INFO     | __main__:main:114 - I just saw a meme! It was funny.
2025-01-13 17:12:30.150 | INFO     | __main__:main:114 - I just tried a meme! It was amazing.
2025-01-13 17:12:33.152 | INFO     | __main__:main:114 - I just loved a trick! It was funny.
2025-01-13 17:12:36.152 | INFO     | __main__:main:114 - I just saw a movie! It was boring.
2025-01-13 17:12:39.153 | INFO     | __main__:main:114 - I just shared a trick! It was amazing.
2025-01-13 17:12:42.155 | INFO     | __main__:main:114 - I just tried an app! It was weird.
2025-01-13 17:12:45.157 | INFO     | __main__:main:114 - I just tried a story! It was amazing.
2025-01-13 17:12:48.158 | INFO     | __main__:main:114 - I just loved a trick! It was exciting.
2025-01-13 17:12:51.160 | INFO     | __main__:main:114 - I just found an app! It was exciting.
2025-01-13 17:12:54.161 | INFO     | __main__:main:114 - I just saw a movie! It was boring.
2025-01-13 17:12:57.161 | INFO     | __main__:main:114 - I just tried a story! It was exciting.
2025-01-13 17:13:00.162 | INFO     | __main__:main:114 - I just saw an app! It was weird.
2025-01-13 17:13:03.163 | INFO     | __main__:main:114 - I just shared a trick! It was amazing.
2025-01-13 17:13:06.164 | INFO     | __main__:main:114 - I just found an app! It was weird.
2025-01-13 17:13:09.165 | INFO     | __main__:main:114 - I just shared a movie! It was weird.
2025-01-13 17:13:12.166 | INFO     | __main__:main:114 - I just tried a movie! It was exciting.
2025-01-13 17:13:15.167 | INFO     | __main__:main:114 - I just saw a story! It was weird.
2025-01-13 17:13:18.168 | INFO     | __main__:main:114 - I just tried a meme! It was funny.
2025-01-13 17:13:21.170 | INFO     | __main__:main:114 - I just saw a story! It was exciting.
2025-01-13 17:13:24.171 | INFO     | __main__:main:114 - I just loved an app! It was weird.
2025-01-13 17:13:27.171 | INFO     | __main__:main:114 - I just loved a trick! It was amazing.
2025-01-13 17:13:30.171 | INFO     | __main__:main:114 - I just loved a meme! It was funny.
2025-01-13 17:13:33.172 | INFO     | __main__:main:114 - I just saw a trick! It was boring.
2025-01-13 17:13:36.173 | INFO     | __main__:main:114 - I just loved a movie! It was amazing.
2025-01-13 17:13:39.174 | INFO     | __main__:main:114 - I just tried a meme! It was weird.
2025-01-13 17:13:42.175 | INFO     | __main__:main:114 - I just tried a trick! It was funny.
2025-01-13 17:13:45.176 | INFO     | __main__:main:114 - I just tried a meme! It was funny.
2025-01-13 17:13:48.177 | INFO     | __main__:main:114 - I just tried an app! It was funny.
2025-01-13 17:13:51.178 | INFO     | __main__:main:114 - I just shared a movie! It was boring.
2025-01-13 17:13:54.180 | INFO     | __main__:main:114 - I just found a story! It was weird.
2025-01-13 17:13:57.180 | INFO     | __main__:main:114 - I just saw a movie! It was funny.
2025-01-13 17:14:00.182 | INFO     | __main__:main:114 - I just saw a meme! It was funny.
